<?xml version="1.0" encoding="UTF-8"?>
<testsuite xmlns:xsi="http://www.w3.org/2001/XMLSchema-instance" xsi:noNamespaceSchemaLocation="https://maven.apache.org/surefire/maven-surefire-plugin/xsd/surefire-test-report-3.0.xsd" version="3.0" name="com.oracle.acs.MainTest" time="3.837" tests="5" errors="0" skipped="0" failures="0">
  <properties>
    <property name="java.specification.version" value="17"/>
    <property name="sun.cpu.isalist" value="amd64"/>
    <property name="jersey.config.allowSystemPropertiesProvider" value="true"/>
    <property name="sun.jnu.encoding" value="Cp1252"/>
    <property name="java.class.path" value="C:\Users\tuna3\OneDrive\Documents\Bilkent\Cs\csProje\App4\weblogicMonitoring\target\test-classes;C:\Users\tuna3\OneDrive\Documents\Bilkent\Cs\csProje\App4\weblogicMonitoring\target\classes;C:\Users\tuna3\.m2\repository\com\oracle\database\jdbc\ojdbc8\19.3.0.0\ojdbc8-19.3.0.0.jar;C:\Users\tuna3\.m2\repository\com\oracle\database\jdbc\ucp\21.3.0.0\ucp-21.3.0.0.jar;C:\Users\tuna3\.m2\repository\com\oracle\database\security\oraclepki\21.3.0.0\oraclepki-21.3.0.0.jar;C:\Users\tuna3\.m2\repository\com\oracle\database\security\osdt_cert\21.3.0.0\osdt_cert-21.3.0.0.jar;C:\Users\tuna3\.m2\repository\com\oracle\database\security\osdt_core\21.3.0.0\osdt_core-21.3.0.0.jar;C:\Users\tuna3\.m2\repository\com\oracle\database\ha\simplefan\21.3.0.0\simplefan-21.3.0.0.jar;C:\Users\tuna3\.m2\repository\com\oracle\database\ha\ons\21.3.0.0\ons-21.3.0.0.jar;C:\Users\tuna3\.m2\repository\io\helidon\microprofile\bundles\helidon-microprofile-core\3.0.1\helidon-microprofile-core-3.0.1.jar;C:\Users\tuna3\.m2\repository\io\helidon\microprofile\server\helidon-microprofile-server\3.0.1\helidon-microprofile-server-3.0.1.jar;C:\Users\tuna3\.m2\repository\io\helidon\microprofile\cdi\helidon-microprofile-cdi\3.0.1\helidon-microprofile-cdi-3.0.1.jar;C:\Users\tuna3\.m2\repository\io\helidon\microprofile\weld\weld-se-core\3.0.1\weld-se-core-3.0.1.jar;C:\Users\tuna3\.m2\repository\io\helidon\microprofile\weld\weld-core-impl\3.0.1\weld-core-impl-3.0.1.jar;C:\Users\tuna3\.m2\repository\org\jboss\weld\environment\weld-environment-common\4.0.2.Final\weld-environment-common-4.0.2.Final.jar;C:\Users\tuna3\.m2\repository\org\jboss\weld\weld-api\4.0.SP1\weld-api-4.0.SP1.jar;C:\Users\tuna3\.m2\repository\org\jboss\weld\weld-spi\4.0.SP1\weld-spi-4.0.SP1.jar;C:\Users\tuna3\.m2\repository\org\jboss\logging\jboss-logging\3.4.2.Final\jboss-logging-3.4.2.Final.jar;C:\Users\tuna3\.m2\repository\org\jboss\classfilewriter\jboss-classfilewriter\1.2.5.Final\jboss-classfilewriter-1.2.5.Final.jar;C:\Users\tuna3\.m2\repository\io\helidon\webserver\helidon-webserver\3.0.1\helidon-webserver-3.0.1.jar;C:\Users\tuna3\.m2\repository\io\helidon\common\helidon-common-reactive\3.0.1\helidon-common-reactive-3.0.1.jar;C:\Users\tuna3\.m2\repository\io\helidon\common\helidon-common-mapper\3.0.1\helidon-common-mapper-3.0.1.jar;C:\Users\tuna3\.m2\repository\io\helidon\media\helidon-media-common\3.0.1\helidon-media-common-3.0.1.jar;C:\Users\tuna3\.m2\repository\io\helidon\common\helidon-common-key-util\3.0.1\helidon-common-key-util-3.0.1.jar;C:\Users\tuna3\.m2\repository\io\helidon\logging\helidon-logging-common\3.0.1\helidon-logging-common-3.0.1.jar;C:\Users\tuna3\.m2\repository\io\helidon\tracing\helidon-tracing\3.0.1\helidon-tracing-3.0.1.jar;C:\Users\tuna3\.m2\repository\io\helidon\tracing\helidon-tracing-config\3.0.1\helidon-tracing-config-3.0.1.jar;C:\Users\tuna3\.m2\repository\io\helidon\webserver\helidon-webserver-static-content\3.0.1\helidon-webserver-static-content-3.0.1.jar;C:\Users\tuna3\.m2\repository\io\helidon\common\helidon-common-media-type\3.0.1\helidon-common-media-type-3.0.1.jar;C:\Users\tuna3\.m2\repository\io\helidon\webserver\helidon-webserver-jersey\3.0.1\helidon-webserver-jersey-3.0.1.jar;C:\Users\tuna3\.m2\repository\io\helidon\jersey\helidon-jersey-server\3.0.1\helidon-jersey-server-3.0.1.jar;C:\Users\tuna3\.m2\repository\org\glassfish\jersey\core\jersey-server\3.0.5\jersey-server-3.0.5.jar;C:\Users\tuna3\.m2\repository\jakarta\validation\jakarta.validation-api\3.0.0\jakarta.validation-api-3.0.0.jar;C:\Users\tuna3\.m2\repository\jakarta\interceptor\jakarta.interceptor-api\2.0.0\jakarta.interceptor-api-2.0.0.jar;C:\Users\tuna3\.m2\repository\jakarta\enterprise\jakarta.enterprise.cdi-api\3.0.0\jakarta.enterprise.cdi-api-3.0.0.jar;C:\Users\tuna3\.m2\repository\jakarta\el\jakarta.el-api\4.0.0\jakarta.el-api-4.0.0.jar;C:\Users\tuna3\.m2\repository\org\eclipse\parsson\parsson\1.0.2\parsson-1.0.2.jar;C:\Users\tuna3\.m2\repository\jakarta\json\jakarta.json-api\2.0.1\jakarta.json-api-2.0.1.jar;C:\Users\tuna3\.m2\repository\io\helidon\media\helidon-media-jsonp\3.0.1\helidon-media-jsonp-3.0.1.jar;C:\Users\tuna3\.m2\repository\io\helidon\config\helidon-config-yaml\3.0.1\helidon-config-yaml-3.0.1.jar;C:\Users\tuna3\.m2\repository\org\glassfish\jersey\ext\cdi\jersey-weld2-se\3.0.5\jersey-weld2-se-3.0.5.jar;C:\Users\tuna3\.m2\repository\org\glassfish\jersey\ext\cdi\jersey-cdi1x\3.0.5\jersey-cdi1x-3.0.5.jar;C:\Users\tuna3\.m2\repository\io\helidon\jersey\helidon-jersey-media-jsonp\3.0.1\helidon-jersey-media-jsonp-3.0.1.jar;C:\Users\tuna3\.m2\repository\org\glassfish\jersey\media\jersey-media-json-processing\3.0.5\jersey-media-json-processing-3.0.5.jar;C:\Users\tuna3\.m2\repository\org\eclipse\parsson\parsson-media\1.0.2\parsson-media-1.0.2.jar;C:\Users\tuna3\.m2\repository\io\helidon\microprofile\config\helidon-microprofile-config\3.0.1\helidon-microprofile-config-3.0.1.jar;C:\Users\tuna3\.m2\repository\io\helidon\config\helidon-config-mp\3.0.1\helidon-config-mp-3.0.1.jar;C:\Users\tuna3\.m2\repository\io\helidon\config\helidon-config-encryption\3.0.1\helidon-config-encryption-3.0.1.jar;C:\Users\tuna3\.m2\repository\io\helidon\common\helidon-common-crypto\3.0.1\helidon-common-crypto-3.0.1.jar;C:\Users\tuna3\.m2\repository\io\helidon\config\helidon-config-object-mapping\3.0.1\helidon-config-object-mapping-3.0.1.jar;C:\Users\tuna3\.m2\repository\com\datastax\oss\java-driver-core\4.0.1\java-driver-core-4.0.1.jar;C:\Users\tuna3\.m2\repository\com\datastax\oss\native-protocol\1.4.4\native-protocol-1.4.4.jar;C:\Users\tuna3\.m2\repository\io\netty\netty-handler\4.1.77.Final\netty-handler-4.1.77.Final.jar;C:\Users\tuna3\.m2\repository\io\netty\netty-common\4.1.77.Final\netty-common-4.1.77.Final.jar;C:\Users\tuna3\.m2\repository\io\netty\netty-resolver\4.1.77.Final\netty-resolver-4.1.77.Final.jar;C:\Users\tuna3\.m2\repository\io\netty\netty-buffer\4.1.77.Final\netty-buffer-4.1.77.Final.jar;C:\Users\tuna3\.m2\repository\io\netty\netty-transport\4.1.77.Final\netty-transport-4.1.77.Final.jar;C:\Users\tuna3\.m2\repository\io\netty\netty-codec\4.1.77.Final\netty-codec-4.1.77.Final.jar;C:\Users\tuna3\.m2\repository\com\datastax\oss\java-driver-shaded-guava\25.1-jre\java-driver-shaded-guava-25.1-jre.jar;C:\Users\tuna3\.m2\repository\com\typesafe\config\1.4.2\config-1.4.2.jar;C:\Users\tuna3\.m2\repository\com\github\jnr\jnr-ffi\2.1.9\jnr-ffi-2.1.9.jar;C:\Users\tuna3\.m2\repository\com\github\jnr\jffi\1.2.17\jffi-1.2.17.jar;C:\Users\tuna3\.m2\repository\com\github\jnr\jffi\1.2.16\jffi-1.2.16-native.jar;C:\Users\tuna3\.m2\repository\org\ow2\asm\asm\5.0.3\asm-5.0.3.jar;C:\Users\tuna3\.m2\repository\org\ow2\asm\asm-commons\5.0.3\asm-commons-5.0.3.jar;C:\Users\tuna3\.m2\repository\org\ow2\asm\asm-analysis\5.0.3\asm-analysis-5.0.3.jar;C:\Users\tuna3\.m2\repository\org\ow2\asm\asm-tree\5.0.3\asm-tree-5.0.3.jar;C:\Users\tuna3\.m2\repository\org\ow2\asm\asm-util\5.0.3\asm-util-5.0.3.jar;C:\Users\tuna3\.m2\repository\com\github\jnr\jnr-a64asm\1.0.0\jnr-a64asm-1.0.0.jar;C:\Users\tuna3\.m2\repository\com\github\jnr\jnr-x86asm\1.0.2\jnr-x86asm-1.0.2.jar;C:\Users\tuna3\.m2\repository\com\github\jnr\jnr-posix\3.0.49\jnr-posix-3.0.49.jar;C:\Users\tuna3\.m2\repository\com\github\jnr\jnr-constants\0.9.9\jnr-constants-0.9.9.jar;C:\Users\tuna3\.m2\repository\org\slf4j\slf4j-api\1.7.32\slf4j-api-1.7.32.jar;C:\Users\tuna3\.m2\repository\io\dropwizard\metrics\metrics-core\4.1.2\metrics-core-4.1.2.jar;C:\Users\tuna3\.m2\repository\org\hdrhistogram\HdrHistogram\2.1.11\HdrHistogram-2.1.11.jar;C:\Users\tuna3\.m2\repository\com\github\stephenc\jcip\jcip-annotations\1.0-1\jcip-annotations-1.0-1.jar;C:\Users\tuna3\.m2\repository\com\github\spotbugs\spotbugs-annotations\3.1.12\spotbugs-annotations-3.1.12.jar;C:\Users\tuna3\.m2\repository\com\google\code\findbugs\jsr305\3.0.2\jsr305-3.0.2.jar;C:\Users\tuna3\.m2\repository\io\vertx\vertx-auth-jwt\3.9.5\vertx-auth-jwt-3.9.5.jar;C:\Users\tuna3\.m2\repository\io\vertx\vertx-auth-common\3.9.5\vertx-auth-common-3.9.5.jar;C:\Users\tuna3\.m2\repository\io\vertx\vertx-jwt\3.9.5\vertx-jwt-3.9.5.jar;C:\Users\tuna3\.m2\repository\io\vertx\vertx-core\3.9.5\vertx-core-3.9.5.jar;C:\Users\tuna3\.m2\repository\io\netty\netty-handler-proxy\4.1.77.Final\netty-handler-proxy-4.1.77.Final.jar;C:\Users\tuna3\.m2\repository\io\netty\netty-codec-socks\4.1.77.Final\netty-codec-socks-4.1.77.Final.jar;C:\Users\tuna3\.m2\repository\io\netty\netty-codec-http\4.1.77.Final\netty-codec-http-4.1.77.Final.jar;C:\Users\tuna3\.m2\repository\io\netty\netty-codec-http2\4.1.77.Final\netty-codec-http2-4.1.77.Final.jar;C:\Users\tuna3\.m2\repository\io\netty\netty-resolver-dns\4.1.77.Final\netty-resolver-dns-4.1.77.Final.jar;C:\Users\tuna3\.m2\repository\io\netty\netty-codec-dns\4.1.77.Final\netty-codec-dns-4.1.77.Final.jar;C:\Users\tuna3\.m2\repository\io\helidon\microprofile\openapi\helidon-microprofile-openapi\3.0.1\helidon-microprofile-openapi-3.0.1.jar;C:\Users\tuna3\.m2\repository\org\eclipse\microprofile\config\microprofile-config-api\3.0.1\microprofile-config-api-3.0.1.jar;C:\Users\tuna3\.m2\repository\io\helidon\openapi\helidon-openapi\3.0.1\helidon-openapi-3.0.1.jar;C:\Users\tuna3\.m2\repository\io\smallrye\smallrye-open-api-core\2.1.16\smallrye-open-api-core-2.1.16.jar;C:\Users\tuna3\.m2\repository\io\smallrye\smallrye-open-api-jaxrs\2.1.16\smallrye-open-api-jaxrs-2.1.16.jar;C:\Users\tuna3\.m2\repository\org\eclipse\yasson\2.0.4\yasson-2.0.4.jar;C:\Users\tuna3\.m2\repository\jakarta\json\bind\jakarta.json.bind-api\2.0.0\jakarta.json.bind-api-2.0.0.jar;C:\Users\tuna3\.m2\repository\org\glassfish\jakarta.json\2.0.0\jakarta.json-2.0.0-module.jar;C:\Users\tuna3\.m2\repository\org\yaml\snakeyaml\1.30\snakeyaml-1.30.jar;C:\Users\tuna3\.m2\repository\io\helidon\config\helidon-config\3.0.1\helidon-config-3.0.1.jar;C:\Users\tuna3\.m2\repository\org\eclipse\microprofile\openapi\microprofile-openapi-api\3.0\microprofile-openapi-api-3.0.jar;C:\Users\tuna3\.m2\repository\io\helidon\webserver\helidon-webserver-cors\3.0.1\helidon-webserver-cors-3.0.1.jar;C:\Users\tuna3\.m2\repository\org\eclipse\microprofile\metrics\microprofile-metrics-api\4.0\microprofile-metrics-api-4.0.jar;C:\Users\tuna3\.m2\repository\io\helidon\microprofile\metrics\helidon-microprofile-metrics\3.0.1\helidon-microprofile-metrics-3.0.1.jar;C:\Users\tuna3\.m2\repository\io\helidon\common\helidon-common\3.0.1\helidon-common-3.0.1.jar;C:\Users\tuna3\.m2\repository\io\helidon\service-common\helidon-service-common-rest-cdi\3.0.1\helidon-service-common-rest-cdi-3.0.1.jar;C:\Users\tuna3\.m2\repository\io\helidon\service-common\helidon-service-common-rest\3.0.1\helidon-service-common-rest-3.0.1.jar;C:\Users\tuna3\.m2\repository\io\helidon\metrics\helidon-metrics-api\3.0.1\helidon-metrics-api-3.0.1.jar;C:\Users\tuna3\.m2\repository\io\helidon\common\helidon-common-http\3.0.1\helidon-common-http-3.0.1.jar;C:\Users\tuna3\.m2\repository\io\helidon\metrics\helidon-metrics-service-api\3.0.1\helidon-metrics-service-api-3.0.1.jar;C:\Users\tuna3\.m2\repository\io\helidon\common\helidon-common-service-loader\3.0.1\helidon-common-service-loader-3.0.1.jar;C:\Users\tuna3\.m2\repository\jakarta\annotation\jakarta.annotation-api\2.0.0\jakarta.annotation-api-2.0.0.jar;C:\Users\tuna3\.m2\repository\io\helidon\metrics\helidon-metrics\3.0.1\helidon-metrics-3.0.1.jar;C:\Users\tuna3\.m2\repository\io\helidon\common\helidon-common-configurable\3.0.1\helidon-common-configurable-3.0.1.jar;C:\Users\tuna3\.m2\repository\io\helidon\microprofile\health\helidon-microprofile-health\3.0.1\helidon-microprofile-health-3.0.1.jar;C:\Users\tuna3\.m2\repository\io\helidon\health\helidon-health\3.0.1\helidon-health-3.0.1.jar;C:\Users\tuna3\.m2\repository\io\helidon\fault-tolerance\helidon-fault-tolerance\3.0.1\helidon-fault-tolerance-3.0.1.jar;C:\Users\tuna3\.m2\repository\org\eclipse\microprofile\health\microprofile-health-api\4.0\microprofile-health-api-4.0.jar;C:\Users\tuna3\.m2\repository\io\helidon\health\helidon-health-common\3.0.1\helidon-health-common-3.0.1.jar;C:\Users\tuna3\.m2\repository\com\fasterxml\jackson\core\jackson-databind\2.13.2.2\jackson-databind-2.13.2.2.jar;C:\Users\tuna3\.m2\repository\com\fasterxml\jackson\core\jackson-annotations\2.13.2\jackson-annotations-2.13.2.jar;C:\Users\tuna3\.m2\repository\com\fasterxml\jackson\core\jackson-core\2.13.2\jackson-core-2.13.2.jar;C:\Users\tuna3\.m2\repository\org\glassfish\jersey\media\jersey-media-json-jackson\3.0.5\jersey-media-json-jackson-3.0.5.jar;C:\Users\tuna3\.m2\repository\org\glassfish\jersey\core\jersey-common\3.0.5\jersey-common-3.0.5.jar;C:\Users\tuna3\.m2\repository\jakarta\ws\rs\jakarta.ws.rs-api\3.0.0\jakarta.ws.rs-api-3.0.0.jar;C:\Users\tuna3\.m2\repository\jakarta\inject\jakarta.inject-api\2.0.0\jakarta.inject-api-2.0.0.jar;C:\Users\tuna3\.m2\repository\org\glassfish\hk2\osgi-resource-locator\1.0.3\osgi-resource-locator-1.0.3.jar;C:\Users\tuna3\.m2\repository\org\glassfish\jersey\ext\jersey-entity-filtering\3.0.5\jersey-entity-filtering-3.0.5.jar;C:\Users\tuna3\.m2\repository\com\fasterxml\jackson\module\jackson-module-jakarta-xmlbind-annotations\2.13.2\jackson-module-jakarta-xmlbind-annotations-2.13.2.jar;C:\Users\tuna3\.m2\repository\com\sun\activation\jakarta.activation\2.0.1\jakarta.activation-2.0.1.jar;C:\Users\tuna3\.m2\repository\jakarta\xml\bind\jakarta.xml.bind-api\3.0.1\jakarta.xml.bind-api-3.0.1.jar;C:\Users\tuna3\.m2\repository\org\jboss\jandex\2.4.3.Final\jandex-2.4.3.Final.jar;C:\Users\tuna3\.m2\repository\jakarta\activation\jakarta.activation-api\2.0.1\jakarta.activation-api-2.0.1.jar;C:\Users\tuna3\.m2\repository\org\junit\jupiter\junit-jupiter-api\5.7.0\junit-jupiter-api-5.7.0.jar;C:\Users\tuna3\.m2\repository\org\apiguardian\apiguardian-api\1.1.0\apiguardian-api-1.1.0.jar;C:\Users\tuna3\.m2\repository\org\opentest4j\opentest4j\1.2.0\opentest4j-1.2.0.jar;C:\Users\tuna3\.m2\repository\org\junit\platform\junit-platform-commons\1.7.0\junit-platform-commons-1.7.0.jar;C:\Users\tuna3\.m2\repository\io\helidon\microprofile\tests\helidon-microprofile-tests-junit5\3.0.1\helidon-microprofile-tests-junit5-3.0.1.jar;C:\Users\tuna3\.m2\repository\io\helidon\jersey\helidon-jersey-client\3.0.1\helidon-jersey-client-3.0.1.jar;C:\Users\tuna3\.m2\repository\org\glassfish\jersey\core\jersey-client\3.0.5\jersey-client-3.0.5.jar;C:\Users\tuna3\.m2\repository\org\glassfish\jersey\inject\jersey-hk2\3.0.5\jersey-hk2-3.0.5.jar;C:\Users\tuna3\.m2\repository\org\glassfish\hk2\hk2-locator\3.0.3\hk2-locator-3.0.3.jar;C:\Users\tuna3\.m2\repository\org\glassfish\hk2\external\aopalliance-repackaged\3.0.3\aopalliance-repackaged-3.0.3.jar;C:\Users\tuna3\.m2\repository\org\glassfish\hk2\hk2-api\3.0.3\hk2-api-3.0.3.jar;C:\Users\tuna3\.m2\repository\org\glassfish\hk2\hk2-utils\3.0.3\hk2-utils-3.0.3.jar;C:\Users\tuna3\.m2\repository\org\javassist\javassist\3.28.0-GA\javassist-3.28.0-GA.jar;C:\Users\tuna3\.m2\repository\io\helidon\common\helidon-common-context\3.0.1\helidon-common-context-3.0.1.jar;C:\Users\tuna3\.m2\repository\io\helidon\config\helidon-config-yaml-mp\3.0.1\helidon-config-yaml-mp-3.0.1.jar;C:\Users\tuna3\.m2\repository\org\hamcrest\hamcrest-all\1.3\hamcrest-all-1.3.jar;"/>
    <property name="java.vm.vendor" value="Oracle Corporation"/>
    <property name="sun.arch.data.model" value="64"/>
    <property name="user.variant" value=""/>
    <property name="java.vendor.url" value="https://java.oracle.com/"/>
    <property name="user.timezone" value="Europe/Istanbul"/>
    <property name="os.name" value="Windows 11"/>
    <property name="java.vm.specification.version" value="17"/>
    <property name="sun.java.launcher" value="SUN_STANDARD"/>
    <property name="user.country" value="US"/>
    <property name="sun.boot.library.path" value="C:\oracle\jdk17\bin"/>
    <property name="sun.java.command" value="C:\Users\tuna3\AppData\Local\Temp\surefire7439620511713483318\surefirebooter13491706616608360732.jar C:\Users\tuna3\AppData\Local\Temp\surefire7439620511713483318 2022-08-24T23-07-44_576-jvmRun1 surefire1219614506815445146tmp surefire_010194361400402177038tmp"/>
    <property name="jdk.debug" value="release"/>
    <property name="surefire.test.class.path" value="C:\Users\tuna3\OneDrive\Documents\Bilkent\Cs\csProje\App4\weblogicMonitoring\target\test-classes;C:\Users\tuna3\OneDrive\Documents\Bilkent\Cs\csProje\App4\weblogicMonitoring\target\classes;C:\Users\tuna3\.m2\repository\com\oracle\database\jdbc\ojdbc8\19.3.0.0\ojdbc8-19.3.0.0.jar;C:\Users\tuna3\.m2\repository\com\oracle\database\jdbc\ucp\21.3.0.0\ucp-21.3.0.0.jar;C:\Users\tuna3\.m2\repository\com\oracle\database\security\oraclepki\21.3.0.0\oraclepki-21.3.0.0.jar;C:\Users\tuna3\.m2\repository\com\oracle\database\security\osdt_cert\21.3.0.0\osdt_cert-21.3.0.0.jar;C:\Users\tuna3\.m2\repository\com\oracle\database\security\osdt_core\21.3.0.0\osdt_core-21.3.0.0.jar;C:\Users\tuna3\.m2\repository\com\oracle\database\ha\simplefan\21.3.0.0\simplefan-21.3.0.0.jar;C:\Users\tuna3\.m2\repository\com\oracle\database\ha\ons\21.3.0.0\ons-21.3.0.0.jar;C:\Users\tuna3\.m2\repository\io\helidon\microprofile\bundles\helidon-microprofile-core\3.0.1\helidon-microprofile-core-3.0.1.jar;C:\Users\tuna3\.m2\repository\io\helidon\microprofile\server\helidon-microprofile-server\3.0.1\helidon-microprofile-server-3.0.1.jar;C:\Users\tuna3\.m2\repository\io\helidon\microprofile\cdi\helidon-microprofile-cdi\3.0.1\helidon-microprofile-cdi-3.0.1.jar;C:\Users\tuna3\.m2\repository\io\helidon\microprofile\weld\weld-se-core\3.0.1\weld-se-core-3.0.1.jar;C:\Users\tuna3\.m2\repository\io\helidon\microprofile\weld\weld-core-impl\3.0.1\weld-core-impl-3.0.1.jar;C:\Users\tuna3\.m2\repository\org\jboss\weld\environment\weld-environment-common\4.0.2.Final\weld-environment-common-4.0.2.Final.jar;C:\Users\tuna3\.m2\repository\org\jboss\weld\weld-api\4.0.SP1\weld-api-4.0.SP1.jar;C:\Users\tuna3\.m2\repository\org\jboss\weld\weld-spi\4.0.SP1\weld-spi-4.0.SP1.jar;C:\Users\tuna3\.m2\repository\org\jboss\logging\jboss-logging\3.4.2.Final\jboss-logging-3.4.2.Final.jar;C:\Users\tuna3\.m2\repository\org\jboss\classfilewriter\jboss-classfilewriter\1.2.5.Final\jboss-classfilewriter-1.2.5.Final.jar;C:\Users\tuna3\.m2\repository\io\helidon\webserver\helidon-webserver\3.0.1\helidon-webserver-3.0.1.jar;C:\Users\tuna3\.m2\repository\io\helidon\common\helidon-common-reactive\3.0.1\helidon-common-reactive-3.0.1.jar;C:\Users\tuna3\.m2\repository\io\helidon\common\helidon-common-mapper\3.0.1\helidon-common-mapper-3.0.1.jar;C:\Users\tuna3\.m2\repository\io\helidon\media\helidon-media-common\3.0.1\helidon-media-common-3.0.1.jar;C:\Users\tuna3\.m2\repository\io\helidon\common\helidon-common-key-util\3.0.1\helidon-common-key-util-3.0.1.jar;C:\Users\tuna3\.m2\repository\io\helidon\logging\helidon-logging-common\3.0.1\helidon-logging-common-3.0.1.jar;C:\Users\tuna3\.m2\repository\io\helidon\tracing\helidon-tracing\3.0.1\helidon-tracing-3.0.1.jar;C:\Users\tuna3\.m2\repository\io\helidon\tracing\helidon-tracing-config\3.0.1\helidon-tracing-config-3.0.1.jar;C:\Users\tuna3\.m2\repository\io\helidon\webserver\helidon-webserver-static-content\3.0.1\helidon-webserver-static-content-3.0.1.jar;C:\Users\tuna3\.m2\repository\io\helidon\common\helidon-common-media-type\3.0.1\helidon-common-media-type-3.0.1.jar;C:\Users\tuna3\.m2\repository\io\helidon\webserver\helidon-webserver-jersey\3.0.1\helidon-webserver-jersey-3.0.1.jar;C:\Users\tuna3\.m2\repository\io\helidon\jersey\helidon-jersey-server\3.0.1\helidon-jersey-server-3.0.1.jar;C:\Users\tuna3\.m2\repository\org\glassfish\jersey\core\jersey-server\3.0.5\jersey-server-3.0.5.jar;C:\Users\tuna3\.m2\repository\jakarta\validation\jakarta.validation-api\3.0.0\jakarta.validation-api-3.0.0.jar;C:\Users\tuna3\.m2\repository\jakarta\interceptor\jakarta.interceptor-api\2.0.0\jakarta.interceptor-api-2.0.0.jar;C:\Users\tuna3\.m2\repository\jakarta\enterprise\jakarta.enterprise.cdi-api\3.0.0\jakarta.enterprise.cdi-api-3.0.0.jar;C:\Users\tuna3\.m2\repository\jakarta\el\jakarta.el-api\4.0.0\jakarta.el-api-4.0.0.jar;C:\Users\tuna3\.m2\repository\org\eclipse\parsson\parsson\1.0.2\parsson-1.0.2.jar;C:\Users\tuna3\.m2\repository\jakarta\json\jakarta.json-api\2.0.1\jakarta.json-api-2.0.1.jar;C:\Users\tuna3\.m2\repository\io\helidon\media\helidon-media-jsonp\3.0.1\helidon-media-jsonp-3.0.1.jar;C:\Users\tuna3\.m2\repository\io\helidon\config\helidon-config-yaml\3.0.1\helidon-config-yaml-3.0.1.jar;C:\Users\tuna3\.m2\repository\org\glassfish\jersey\ext\cdi\jersey-weld2-se\3.0.5\jersey-weld2-se-3.0.5.jar;C:\Users\tuna3\.m2\repository\org\glassfish\jersey\ext\cdi\jersey-cdi1x\3.0.5\jersey-cdi1x-3.0.5.jar;C:\Users\tuna3\.m2\repository\io\helidon\jersey\helidon-jersey-media-jsonp\3.0.1\helidon-jersey-media-jsonp-3.0.1.jar;C:\Users\tuna3\.m2\repository\org\glassfish\jersey\media\jersey-media-json-processing\3.0.5\jersey-media-json-processing-3.0.5.jar;C:\Users\tuna3\.m2\repository\org\eclipse\parsson\parsson-media\1.0.2\parsson-media-1.0.2.jar;C:\Users\tuna3\.m2\repository\io\helidon\microprofile\config\helidon-microprofile-config\3.0.1\helidon-microprofile-config-3.0.1.jar;C:\Users\tuna3\.m2\repository\io\helidon\config\helidon-config-mp\3.0.1\helidon-config-mp-3.0.1.jar;C:\Users\tuna3\.m2\repository\io\helidon\config\helidon-config-encryption\3.0.1\helidon-config-encryption-3.0.1.jar;C:\Users\tuna3\.m2\repository\io\helidon\common\helidon-common-crypto\3.0.1\helidon-common-crypto-3.0.1.jar;C:\Users\tuna3\.m2\repository\io\helidon\config\helidon-config-object-mapping\3.0.1\helidon-config-object-mapping-3.0.1.jar;C:\Users\tuna3\.m2\repository\com\datastax\oss\java-driver-core\4.0.1\java-driver-core-4.0.1.jar;C:\Users\tuna3\.m2\repository\com\datastax\oss\native-protocol\1.4.4\native-protocol-1.4.4.jar;C:\Users\tuna3\.m2\repository\io\netty\netty-handler\4.1.77.Final\netty-handler-4.1.77.Final.jar;C:\Users\tuna3\.m2\repository\io\netty\netty-common\4.1.77.Final\netty-common-4.1.77.Final.jar;C:\Users\tuna3\.m2\repository\io\netty\netty-resolver\4.1.77.Final\netty-resolver-4.1.77.Final.jar;C:\Users\tuna3\.m2\repository\io\netty\netty-buffer\4.1.77.Final\netty-buffer-4.1.77.Final.jar;C:\Users\tuna3\.m2\repository\io\netty\netty-transport\4.1.77.Final\netty-transport-4.1.77.Final.jar;C:\Users\tuna3\.m2\repository\io\netty\netty-codec\4.1.77.Final\netty-codec-4.1.77.Final.jar;C:\Users\tuna3\.m2\repository\com\datastax\oss\java-driver-shaded-guava\25.1-jre\java-driver-shaded-guava-25.1-jre.jar;C:\Users\tuna3\.m2\repository\com\typesafe\config\1.4.2\config-1.4.2.jar;C:\Users\tuna3\.m2\repository\com\github\jnr\jnr-ffi\2.1.9\jnr-ffi-2.1.9.jar;C:\Users\tuna3\.m2\repository\com\github\jnr\jffi\1.2.17\jffi-1.2.17.jar;C:\Users\tuna3\.m2\repository\com\github\jnr\jffi\1.2.16\jffi-1.2.16-native.jar;C:\Users\tuna3\.m2\repository\org\ow2\asm\asm\5.0.3\asm-5.0.3.jar;C:\Users\tuna3\.m2\repository\org\ow2\asm\asm-commons\5.0.3\asm-commons-5.0.3.jar;C:\Users\tuna3\.m2\repository\org\ow2\asm\asm-analysis\5.0.3\asm-analysis-5.0.3.jar;C:\Users\tuna3\.m2\repository\org\ow2\asm\asm-tree\5.0.3\asm-tree-5.0.3.jar;C:\Users\tuna3\.m2\repository\org\ow2\asm\asm-util\5.0.3\asm-util-5.0.3.jar;C:\Users\tuna3\.m2\repository\com\github\jnr\jnr-a64asm\1.0.0\jnr-a64asm-1.0.0.jar;C:\Users\tuna3\.m2\repository\com\github\jnr\jnr-x86asm\1.0.2\jnr-x86asm-1.0.2.jar;C:\Users\tuna3\.m2\repository\com\github\jnr\jnr-posix\3.0.49\jnr-posix-3.0.49.jar;C:\Users\tuna3\.m2\repository\com\github\jnr\jnr-constants\0.9.9\jnr-constants-0.9.9.jar;C:\Users\tuna3\.m2\repository\org\slf4j\slf4j-api\1.7.32\slf4j-api-1.7.32.jar;C:\Users\tuna3\.m2\repository\io\dropwizard\metrics\metrics-core\4.1.2\metrics-core-4.1.2.jar;C:\Users\tuna3\.m2\repository\org\hdrhistogram\HdrHistogram\2.1.11\HdrHistogram-2.1.11.jar;C:\Users\tuna3\.m2\repository\com\github\stephenc\jcip\jcip-annotations\1.0-1\jcip-annotations-1.0-1.jar;C:\Users\tuna3\.m2\repository\com\github\spotbugs\spotbugs-annotations\3.1.12\spotbugs-annotations-3.1.12.jar;C:\Users\tuna3\.m2\repository\com\google\code\findbugs\jsr305\3.0.2\jsr305-3.0.2.jar;C:\Users\tuna3\.m2\repository\io\vertx\vertx-auth-jwt\3.9.5\vertx-auth-jwt-3.9.5.jar;C:\Users\tuna3\.m2\repository\io\vertx\vertx-auth-common\3.9.5\vertx-auth-common-3.9.5.jar;C:\Users\tuna3\.m2\repository\io\vertx\vertx-jwt\3.9.5\vertx-jwt-3.9.5.jar;C:\Users\tuna3\.m2\repository\io\vertx\vertx-core\3.9.5\vertx-core-3.9.5.jar;C:\Users\tuna3\.m2\repository\io\netty\netty-handler-proxy\4.1.77.Final\netty-handler-proxy-4.1.77.Final.jar;C:\Users\tuna3\.m2\repository\io\netty\netty-codec-socks\4.1.77.Final\netty-codec-socks-4.1.77.Final.jar;C:\Users\tuna3\.m2\repository\io\netty\netty-codec-http\4.1.77.Final\netty-codec-http-4.1.77.Final.jar;C:\Users\tuna3\.m2\repository\io\netty\netty-codec-http2\4.1.77.Final\netty-codec-http2-4.1.77.Final.jar;C:\Users\tuna3\.m2\repository\io\netty\netty-resolver-dns\4.1.77.Final\netty-resolver-dns-4.1.77.Final.jar;C:\Users\tuna3\.m2\repository\io\netty\netty-codec-dns\4.1.77.Final\netty-codec-dns-4.1.77.Final.jar;C:\Users\tuna3\.m2\repository\io\helidon\microprofile\openapi\helidon-microprofile-openapi\3.0.1\helidon-microprofile-openapi-3.0.1.jar;C:\Users\tuna3\.m2\repository\org\eclipse\microprofile\config\microprofile-config-api\3.0.1\microprofile-config-api-3.0.1.jar;C:\Users\tuna3\.m2\repository\io\helidon\openapi\helidon-openapi\3.0.1\helidon-openapi-3.0.1.jar;C:\Users\tuna3\.m2\repository\io\smallrye\smallrye-open-api-core\2.1.16\smallrye-open-api-core-2.1.16.jar;C:\Users\tuna3\.m2\repository\io\smallrye\smallrye-open-api-jaxrs\2.1.16\smallrye-open-api-jaxrs-2.1.16.jar;C:\Users\tuna3\.m2\repository\org\eclipse\yasson\2.0.4\yasson-2.0.4.jar;C:\Users\tuna3\.m2\repository\jakarta\json\bind\jakarta.json.bind-api\2.0.0\jakarta.json.bind-api-2.0.0.jar;C:\Users\tuna3\.m2\repository\org\glassfish\jakarta.json\2.0.0\jakarta.json-2.0.0-module.jar;C:\Users\tuna3\.m2\repository\org\yaml\snakeyaml\1.30\snakeyaml-1.30.jar;C:\Users\tuna3\.m2\repository\io\helidon\config\helidon-config\3.0.1\helidon-config-3.0.1.jar;C:\Users\tuna3\.m2\repository\org\eclipse\microprofile\openapi\microprofile-openapi-api\3.0\microprofile-openapi-api-3.0.jar;C:\Users\tuna3\.m2\repository\io\helidon\webserver\helidon-webserver-cors\3.0.1\helidon-webserver-cors-3.0.1.jar;C:\Users\tuna3\.m2\repository\org\eclipse\microprofile\metrics\microprofile-metrics-api\4.0\microprofile-metrics-api-4.0.jar;C:\Users\tuna3\.m2\repository\io\helidon\microprofile\metrics\helidon-microprofile-metrics\3.0.1\helidon-microprofile-metrics-3.0.1.jar;C:\Users\tuna3\.m2\repository\io\helidon\common\helidon-common\3.0.1\helidon-common-3.0.1.jar;C:\Users\tuna3\.m2\repository\io\helidon\service-common\helidon-service-common-rest-cdi\3.0.1\helidon-service-common-rest-cdi-3.0.1.jar;C:\Users\tuna3\.m2\repository\io\helidon\service-common\helidon-service-common-rest\3.0.1\helidon-service-common-rest-3.0.1.jar;C:\Users\tuna3\.m2\repository\io\helidon\metrics\helidon-metrics-api\3.0.1\helidon-metrics-api-3.0.1.jar;C:\Users\tuna3\.m2\repository\io\helidon\common\helidon-common-http\3.0.1\helidon-common-http-3.0.1.jar;C:\Users\tuna3\.m2\repository\io\helidon\metrics\helidon-metrics-service-api\3.0.1\helidon-metrics-service-api-3.0.1.jar;C:\Users\tuna3\.m2\repository\io\helidon\common\helidon-common-service-loader\3.0.1\helidon-common-service-loader-3.0.1.jar;C:\Users\tuna3\.m2\repository\jakarta\annotation\jakarta.annotation-api\2.0.0\jakarta.annotation-api-2.0.0.jar;C:\Users\tuna3\.m2\repository\io\helidon\metrics\helidon-metrics\3.0.1\helidon-metrics-3.0.1.jar;C:\Users\tuna3\.m2\repository\io\helidon\common\helidon-common-configurable\3.0.1\helidon-common-configurable-3.0.1.jar;C:\Users\tuna3\.m2\repository\io\helidon\microprofile\health\helidon-microprofile-health\3.0.1\helidon-microprofile-health-3.0.1.jar;C:\Users\tuna3\.m2\repository\io\helidon\health\helidon-health\3.0.1\helidon-health-3.0.1.jar;C:\Users\tuna3\.m2\repository\io\helidon\fault-tolerance\helidon-fault-tolerance\3.0.1\helidon-fault-tolerance-3.0.1.jar;C:\Users\tuna3\.m2\repository\org\eclipse\microprofile\health\microprofile-health-api\4.0\microprofile-health-api-4.0.jar;C:\Users\tuna3\.m2\repository\io\helidon\health\helidon-health-common\3.0.1\helidon-health-common-3.0.1.jar;C:\Users\tuna3\.m2\repository\com\fasterxml\jackson\core\jackson-databind\2.13.2.2\jackson-databind-2.13.2.2.jar;C:\Users\tuna3\.m2\repository\com\fasterxml\jackson\core\jackson-annotations\2.13.2\jackson-annotations-2.13.2.jar;C:\Users\tuna3\.m2\repository\com\fasterxml\jackson\core\jackson-core\2.13.2\jackson-core-2.13.2.jar;C:\Users\tuna3\.m2\repository\org\glassfish\jersey\media\jersey-media-json-jackson\3.0.5\jersey-media-json-jackson-3.0.5.jar;C:\Users\tuna3\.m2\repository\org\glassfish\jersey\core\jersey-common\3.0.5\jersey-common-3.0.5.jar;C:\Users\tuna3\.m2\repository\jakarta\ws\rs\jakarta.ws.rs-api\3.0.0\jakarta.ws.rs-api-3.0.0.jar;C:\Users\tuna3\.m2\repository\jakarta\inject\jakarta.inject-api\2.0.0\jakarta.inject-api-2.0.0.jar;C:\Users\tuna3\.m2\repository\org\glassfish\hk2\osgi-resource-locator\1.0.3\osgi-resource-locator-1.0.3.jar;C:\Users\tuna3\.m2\repository\org\glassfish\jersey\ext\jersey-entity-filtering\3.0.5\jersey-entity-filtering-3.0.5.jar;C:\Users\tuna3\.m2\repository\com\fasterxml\jackson\module\jackson-module-jakarta-xmlbind-annotations\2.13.2\jackson-module-jakarta-xmlbind-annotations-2.13.2.jar;C:\Users\tuna3\.m2\repository\com\sun\activation\jakarta.activation\2.0.1\jakarta.activation-2.0.1.jar;C:\Users\tuna3\.m2\repository\jakarta\xml\bind\jakarta.xml.bind-api\3.0.1\jakarta.xml.bind-api-3.0.1.jar;C:\Users\tuna3\.m2\repository\org\jboss\jandex\2.4.3.Final\jandex-2.4.3.Final.jar;C:\Users\tuna3\.m2\repository\jakarta\activation\jakarta.activation-api\2.0.1\jakarta.activation-api-2.0.1.jar;C:\Users\tuna3\.m2\repository\org\junit\jupiter\junit-jupiter-api\5.7.0\junit-jupiter-api-5.7.0.jar;C:\Users\tuna3\.m2\repository\org\apiguardian\apiguardian-api\1.1.0\apiguardian-api-1.1.0.jar;C:\Users\tuna3\.m2\repository\org\opentest4j\opentest4j\1.2.0\opentest4j-1.2.0.jar;C:\Users\tuna3\.m2\repository\org\junit\platform\junit-platform-commons\1.7.0\junit-platform-commons-1.7.0.jar;C:\Users\tuna3\.m2\repository\io\helidon\microprofile\tests\helidon-microprofile-tests-junit5\3.0.1\helidon-microprofile-tests-junit5-3.0.1.jar;C:\Users\tuna3\.m2\repository\io\helidon\jersey\helidon-jersey-client\3.0.1\helidon-jersey-client-3.0.1.jar;C:\Users\tuna3\.m2\repository\org\glassfish\jersey\core\jersey-client\3.0.5\jersey-client-3.0.5.jar;C:\Users\tuna3\.m2\repository\org\glassfish\jersey\inject\jersey-hk2\3.0.5\jersey-hk2-3.0.5.jar;C:\Users\tuna3\.m2\repository\org\glassfish\hk2\hk2-locator\3.0.3\hk2-locator-3.0.3.jar;C:\Users\tuna3\.m2\repository\org\glassfish\hk2\external\aopalliance-repackaged\3.0.3\aopalliance-repackaged-3.0.3.jar;C:\Users\tuna3\.m2\repository\org\glassfish\hk2\hk2-api\3.0.3\hk2-api-3.0.3.jar;C:\Users\tuna3\.m2\repository\org\glassfish\hk2\hk2-utils\3.0.3\hk2-utils-3.0.3.jar;C:\Users\tuna3\.m2\repository\org\javassist\javassist\3.28.0-GA\javassist-3.28.0-GA.jar;C:\Users\tuna3\.m2\repository\io\helidon\common\helidon-common-context\3.0.1\helidon-common-context-3.0.1.jar;C:\Users\tuna3\.m2\repository\io\helidon\config\helidon-config-yaml-mp\3.0.1\helidon-config-yaml-mp-3.0.1.jar;C:\Users\tuna3\.m2\repository\org\hamcrest\hamcrest-all\1.3\hamcrest-all-1.3.jar;"/>
    <property name="sun.cpu.endian" value="little"/>
    <property name="user.home" value="C:\Users\tuna3"/>
    <property name="user.language" value="en"/>
    <property name="java.specification.vendor" value="Oracle Corporation"/>
    <property name="io.netty.allocator.maxOrder" value="6"/>
    <property name="java.version.date" value="2022-07-19"/>
    <property name="java.home" value="C:\oracle\jdk17"/>
    <property name="file.separator" value="\"/>
    <property name="basedir" value="C:\Users\tuna3\OneDrive\Documents\Bilkent\Cs\csProje\App4\weblogicMonitoring"/>
    <property name="java.vm.compressedOopsMode" value="Zero based"/>
    <property name="line.separator" value="&#10;"/>
    <property name="java.vm.specification.vendor" value="Oracle Corporation"/>
    <property name="java.specification.name" value="Java Platform API Specification"/>
    <property name="surefire.real.class.path" value="C:\Users\tuna3\AppData\Local\Temp\surefire7439620511713483318\surefirebooter13491706616608360732.jar"/>
    <property name="user.script" value=""/>
    <property name="java.util.logging.config.file" value="C:\Users\tuna3\OneDrive\Documents\Bilkent\Cs\csProje\App4\weblogicMonitoring\target\classes/logging.properties"/>
    <property name="sun.management.compiler" value="HotSpot 64-Bit Tiered Compilers"/>
    <property name="java.runtime.version" value="17.0.4+11-LTS-179"/>
    <property name="user.name" value="tuna3"/>
    <property name="path.separator" value=";"/>
    <property name="os.version" value="10.0"/>
    <property name="java.runtime.name" value="Java(TM) SE Runtime Environment"/>
    <property name="file.encoding" value="Cp1252"/>
    <property name="java.vm.name" value="Java HotSpot(TM) 64-Bit Server VM"/>
    <property name="localRepository" value="C:\Users\tuna3\.m2\repository"/>
    <property name="jersey.config.client.ignoreExceptionResponse" value="true"/>
    <property name="java.vendor.url.bug" value="https://bugreport.java.com/bugreport/"/>
    <property name="java.io.tmpdir" value="C:\Users\tuna3\AppData\Local\Temp\"/>
    <property name="java.version" value="17.0.4"/>
    <property name="user.dir" value="C:\Users\tuna3\OneDrive\Documents\Bilkent\Cs\csProje\App4\weblogicMonitoring"/>
    <property name="os.arch" value="amd64"/>
    <property name="java.vm.specification.name" value="Java Virtual Machine Specification"/>
    <property name="sun.os.patch.level" value=""/>
    <property name="native.encoding" value="Cp1252"/>
    <property name="java.library.path" value="C:\oracle\jdk17\bin;C:\WINDOWS\Sun\Java\bin;C:\WINDOWS\system32;C:\WINDOWS;C:\oracle\OracleDB19.3\bin;C:\oracle\jdk17\bin;C:\Program Files (x86)\Common Files\Oracle\Java\javapath;C:\oracle\Python27\Scripts\;C:\oracle\Python27;C:\Python310\Scripts\;C:\Python310\;C:\Program Files\Common Files\Oracle\Java\javapath;C:\WINDOWS\system32;C:\WINDOWS;C:\WINDOWS\System32\Wbem;C:\WINDOWS\System32\WindowsPowerShell\v1.0\;C:\WINDOWS\System32\OpenSSH\;C:\Program Files\dotnet\;C:\Program Files\Git\cmd;C:\Program Files\nodejs\;C:\ProgramData\chocolatey\bin;C:\oracle\maven\apache-maven-3.8.6\bin;C:\Users\tuna3\AppData\Local\Microsoft\WindowsApps;C:\Users\tuna3\AppData\Local\Programs\Microsoft VS Code\bin;C:\Users\tuna3\AppData\Local\gitkraken\bin;C:\Users\tuna3\AppData\Roaming\npm;."/>
    <property name="java.vm.info" value="mixed mode, sharing"/>
    <property name="java.vendor" value="Oracle Corporation"/>
    <property name="java.vm.version" value="17.0.4+11-LTS-179"/>
    <property name="sun.io.unicode.encoding" value="UnicodeLittle"/>
    <property name="java.class.version" value="61.0"/>
  </properties>
  <testcase name="testGreet" classname="com.oracle.acs.MainTest" time="0.427">
    <system-out><![CDATA[2022.08.24 23:07:47 INFO io.helidon.common.LogConfig Thread[main,5,main]: Logging at initialization configured using C:\Users\tuna3\OneDrive\Documents\Bilkent\Cs\csProje\App4\weblogicMonitoring\target\classes\logging.properties
2022.08.24 23:07:47 INFO io.helidon.microprofile.server.ServerCdiExtension Thread[main,5,main]: Registering JAX-RS Application: HelidonMP
2022.08.24 23:07:48 INFO io.helidon.webserver.NettyWebServer Thread[nioEventLoopGroup-2-1,10,main]: Channel '@default' started: [id: 0x55d12557, L:/[0:0:0:0:0:0:0:0]:54118]
2022.08.24 23:07:48 INFO io.helidon.microprofile.server.ServerCdiExtension Thread[main,5,main]: Server started on http://localhost:54118 (and all other host addresses) in 3570 milliseconds (since JVM startup).
2022.08.24 23:07:48 INFO io.helidon.common.HelidonFeatures Thread[features-thread,5,main]: Helidon MP 3.0.1 features: [CDI, Config, Health, JAX-RS, Metrics, Open API, Server]
]]></system-out>
    <system-err><![CDATA[SLF4J: Failed to load class "org.slf4j.impl.StaticLoggerBinder".
SLF4J: Defaulting to no-operation (NOP) logger implementation
SLF4J: See http://www.slf4j.org/codes.html#StaticLoggerBinder for further details.
]]></system-err>
  </testcase>
  <testcase name="testGreetings" classname="com.oracle.acs.MainTest" time="0.044"/>
  <testcase name="testHealth" classname="com.oracle.acs.MainTest" time="0.037"/>
  <testcase name="testMetrics" classname="com.oracle.acs.MainTest" time="0.029"/>
  <testcase name="testMicroprofileMetrics" classname="com.oracle.acs.MainTest" time="0.028"/>
</testsuite>